<?xml version="1.0" encoding="UTF-8"?>
<testng-results skipped="0" failed="0" total="1" passed="1">
  <reporter-output>
  </reporter-output>
  <suite name="Suite" duration-ms="27715" started-at="2019-11-05T11:46:41Z" finished-at="2019-11-05T11:47:09Z">
    <groups>
    </groups>
    <test name="Test" duration-ms="27715" started-at="2019-11-05T11:46:41Z" finished-at="2019-11-05T11:47:09Z">
      <class name="scripts.test_flipcart">
        <test-method status="PASS" signature="test()[pri:0, instance:scripts.test_flipcart@51081592]" name="test" duration-ms="27692" started-at="2019-11-05T17:16:41Z" finished-at="2019-11-05T17:17:09Z">
          <reporter-output>
          </reporter-output>
        </test-method> <!-- test -->
      </class> <!-- scripts.test_flipcart -->
    </test> <!-- Test -->
  </suite> <!-- Suite -->
</testng-results>
